2022-04-06 08:46:18.530  INFO 11632 --- [restartedMain] c.c.s.s.SpringBootLearningApplication    : Starting SpringBootLearningApplication using Java 17.0.2 on INPUN0120NB with PID 11632 (C:\Users\11724\Downloads\spring-boot-learning\spring-boot-learning\target\classes started by 11724 in C:\Users\11724\Downloads\spring-boot-learning\spring-boot-learning)
2022-04-06 08:46:18.538  INFO 11632 --- [restartedMain] c.c.s.s.SpringBootLearningApplication    : No active profile set, falling back to default profiles: default
2022-04-06 08:46:18.769  INFO 11632 --- [restartedMain] .s.d.r.c.RepositoryConfigurationDelegate : Bootstrapping Spring Data JPA repositories in DEFAULT mode.
2022-04-06 08:46:18.795  INFO 11632 --- [restartedMain] .s.d.r.c.RepositoryConfigurationDelegate : Finished Spring Data repository scanning in 26 ms. Found 5 JPA repository interfaces.
2022-04-06 08:46:18.884  INFO 11632 --- [restartedMain] o.s.b.w.embedded.tomcat.TomcatWebServer  : Tomcat initialized with port(s): 8080 (http)
2022-04-06 08:46:18.885  INFO 11632 --- [restartedMain] o.apache.catalina.core.StandardService   : Starting service [Tomcat]
2022-04-06 08:46:18.885  INFO 11632 --- [restartedMain] org.apache.catalina.core.StandardEngine  : Starting Servlet engine: [Apache Tomcat/9.0.55]
2022-04-06 08:46:18.913  INFO 11632 --- [restartedMain] o.a.c.c.C.[Tomcat-1].[localhost].[/]     : Initializing Spring embedded WebApplicationContext
2022-04-06 08:46:18.913  INFO 11632 --- [restartedMain] w.s.c.ServletWebServerApplicationContext : Root WebApplicationContext: initialization completed in 371 ms
2022-04-06 08:46:18.924  INFO 11632 --- [restartedMain] com.zaxxer.hikari.HikariDataSource       : HikariPool-2 - Starting...
2022-04-06 08:46:18.926  INFO 11632 --- [restartedMain] com.zaxxer.hikari.HikariDataSource       : HikariPool-2 - Start completed.
2022-04-06 08:46:18.927  INFO 11632 --- [restartedMain] o.s.b.a.h2.H2ConsoleAutoConfiguration    : H2 console available at '/h2-console'. Database available at 'jdbc:h2:mem:testdb'
2022-04-06 08:46:18.948  INFO 11632 --- [restartedMain] o.hibernate.jpa.internal.util.LogHelper  : HHH000204: Processing PersistenceUnitInfo [name: default]
2022-04-06 08:46:18.953  INFO 11632 --- [restartedMain] org.hibernate.dialect.Dialect            : HHH000400: Using dialect: org.hibernate.dialect.H2Dialect
2022-04-06 08:46:19.037  INFO 11632 --- [restartedMain] o.h.e.t.j.p.i.JtaPlatformInitiator       : HHH000490: Using JtaPlatform implementation: [org.hibernate.engine.transaction.jta.platform.internal.NoJtaPlatform]
2022-04-06 08:46:19.037  INFO 11632 --- [restartedMain] j.LocalContainerEntityManagerFactoryBean : Initialized JPA EntityManagerFactory for persistence unit 'default'
2022-04-06 08:46:19.184  WARN 11632 --- [restartedMain] JpaBaseConfiguration$JpaWebConfiguration : spring.jpa.open-in-view is enabled by default. Therefore, database queries may be performed during view rendering. Explicitly configure spring.jpa.open-in-view to disable this warning
2022-04-06 08:46:19.266  INFO 11632 --- [restartedMain] o.s.b.d.a.OptionalLiveReloadServer       : LiveReload server is running on port 35729
2022-04-06 08:46:19.272  INFO 11632 --- [restartedMain] o.s.b.w.embedded.tomcat.TomcatWebServer  : Tomcat started on port(s): 8080 (http) with context path ''
2022-04-06 08:46:19.274  INFO 11632 --- [restartedMain] c.c.s.s.SpringBootLearningApplication    : Started SpringBootLearningApplication in 0.797 seconds (JVM running for 570.793)
2022-04-06 08:46:19.276  INFO 11632 --- [restartedMain] .ConditionEvaluationDeltaLoggingListener : Condition evaluation unchanged
2022-04-06 08:57:57.344  INFO 11632 --- [Thread-8] j.LocalContainerEntityManagerFactoryBean : Closing JPA EntityManagerFactory for persistence unit 'default'
2022-04-06 08:57:57.344  INFO 11632 --- [Thread-8] .SchemaDropperImpl$DelayedDropActionImpl : HHH000477: Starting delayed evictData of schema as part of SessionFactory shut-down'
2022-04-06 08:57:57.557  WARN 11632 --- [Thread-8] o.s.b.f.support.DisposableBeanAdapter    : Invocation of destroy method failed on bean with name 'inMemoryDatabaseShutdownExecutor': org.h2.jdbc.JdbcSQLNonTransientConnectionException: Database is already closed (to disable automatic closing at VM shutdown, add ";DB_CLOSE_ON_EXIT=FALSE" to the db URL) [90121-200]
2022-04-06 08:57:57.558  INFO 11632 --- [Thread-8] com.zaxxer.hikari.HikariDataSource       : HikariPool-2 - Shutdown initiated...
2022-04-06 08:57:57.559  INFO 11632 --- [Thread-8] com.zaxxer.hikari.HikariDataSource       : HikariPool-2 - Shutdown completed.
